#
# There is insufficient memory for the Java Runtime Environment to continue.
# Native memory allocation (malloc) failed to allocate 32744 bytes for ChunkPool::allocate
# Possible reasons:
#   The system is out of physical RAM or swap space
#   The process is running with CompressedOops enabled, and the Java Heap may be blocking the growth of the native heap
# Possible solutions:
#   Reduce memory load on the system
#   Increase physical memory or swap space
#   Check if swap backing store is full
#   Decrease Java heap size (-Xmx/-Xms)
#   Decrease number of Java threads
#   Decrease Java thread stack sizes (-Xss)
#   Set larger code cache with -XX:ReservedCodeCacheSize=
#   JVM is running with Unscaled Compressed Oops mode in which the Java heap is
#     placed in the first 4GB address space. The Java Heap base address is the
#     maximum limit for the native heap growth. Please use -XX:HeapBaseMinAddress
#     to set the Java Heap base and to place the Java Heap above 4GB virtual address.
# This output file may be truncated or incomplete.
#
#  Out of Memory Error (allocation.cpp:272), pid=16048, tid=0x00000000000049e4
#
# JRE version: OpenJDK Runtime Environment (8.0_242-b01) (build 1.8.0_242-release-1644-b01)
# Java VM: OpenJDK 64-Bit Server VM (25.242-b01 mixed mode windows-amd64 compressed oops)
# Failed to write core dump. Minidumps are not enabled by default on client versions of Windows
#

---------------  T H R E A D  ---------------

Current thread (0x000000001603b000):  JavaThread "C2 CompilerThread1" daemon [_thread_in_native, id=18916, stack(0x0000000017770000,0x0000000017870000)]

Stack: [0x0000000017770000,0x0000000017870000]
[error occurred during error reporting (printing stack bounds), id 0xc0000005]

Native frames: (J=compiled Java code, j=interpreted, Vv=VM code, C=native code)


Current CompileTask:
C2:  52405 14414       4       com.android.tools.r8.code.BaseInstructionFactory::create (3362 bytes)


---------------  P R O C E S S  ---------------

Java Threads: ( => current thread )
  0x000000001ae06000 JavaThread "ForkJoinPool-3-worker-0" daemon [_thread_in_Java, id=17628, stack(0x0000000026300000,0x0000000026400000)]
  0x000000001ae09800 JavaThread "ForkJoinPool-3-worker-3" daemon [_thread_blocked, id=13080, stack(0x0000000026200000,0x0000000026300000)]
  0x000000001adfe800 JavaThread "ForkJoinPool-3-worker-2" daemon [_thread_blocked, id=19852, stack(0x0000000026100000,0x0000000026200000)]
  0x000000001ae01800 JavaThread "ForkJoinPool-3-worker-1" daemon [_thread_blocked, id=20808, stack(0x0000000026000000,0x0000000026100000)]
  0x000000001ae03000 JavaThread "ForkJoinPool.commonPool-worker-3" daemon [_thread_blocked, id=21928, stack(0x0000000024750000,0x0000000024850000)]
  0x000000001adfa800 JavaThread "ForkJoinPool.commonPool-worker-2" daemon [_thread_blocked, id=10604, stack(0x0000000024650000,0x0000000024750000)]
  0x000000001ae00800 JavaThread "ForkJoinPool.commonPool-worker-1" daemon [_thread_blocked, id=16768, stack(0x0000000024550000,0x0000000024650000)]
  0x000000001e9d8000 JavaThread "Tasks limiter_4" daemon [_thread_blocked, id=21908, stack(0x0000000023ab0000,0x0000000023bb0000)]
  0x000000001e9d7800 JavaThread "Tasks limiter_3" daemon [_thread_blocked, id=12168, stack(0x00000000239b0000,0x0000000023ab0000)]
  0x000000001e9d6800 JavaThread "Tasks limiter_2" daemon [_thread_blocked, id=12144, stack(0x00000000238b0000,0x00000000239b0000)]
  0x000000001e9dc000 JavaThread "Tasks limiter_1" daemon [_thread_blocked, id=17992, stack(0x00000000237b0000,0x00000000238b0000)]
  0x000000001e9dc800 JavaThread "stdout" [_thread_in_native, id=20380, stack(0x00000000236b0000,0x00000000237b0000)]
  0x000000001e9d9800 JavaThread "stderr" [_thread_in_native, id=20360, stack(0x00000000235b0000,0x00000000236b0000)]
  0x000000001e9d9000 JavaThread "pool-3-thread-1" [_thread_blocked, id=20140, stack(0x00000000234b0000,0x00000000235b0000)]
  0x000000001e9cf000 JavaThread "Task worker for ':' Thread 3" [_thread_blocked, id=20964, stack(0x0000000022c60000,0x0000000022d60000)]
  0x000000001e9d3800 JavaThread "Task worker for ':' Thread 2" [_thread_blocked, id=13024, stack(0x0000000022a40000,0x0000000022b40000)]
  0x000000001e9d6000 JavaThread "Task worker for ':'" [_thread_blocked, id=17176, stack(0x0000000022b60000,0x0000000022c60000)]
  0x000000001e9d5000 JavaThread "Cache worker for Build Output Cleanup Cache (C:\Users\Zeynep\AndroidStudioProjects\TheFlyingFishGameApp\.gradle\buildOutputCleanup)" [_thread_blocked, id=20680, stack(0x0000000022940000,0x0000000022a40000)]
  0x000000001e9d4800 JavaThread "Cache worker for task history cache (C:\Users\Zeynep\AndroidStudioProjects\TheFlyingFishGameApp\.gradle\4.6\taskHistory)" [_thread_blocked, id=14856, stack(0x0000000022840000,0x0000000022940000)]
  0x000000001e9d2000 JavaThread "Cache worker for file content cache (C:\Users\Zeynep\AndroidStudioProjects\TheFlyingFishGameApp\.gradle\4.6\fileContent)" [_thread_blocked, id=20536, stack(0x0000000022740000,0x0000000022840000)]
  0x000000001e9d0800 JavaThread "Memory manager" [_thread_blocked, id=19224, stack(0x0000000020670000,0x0000000020770000)]
  0x000000001e9d0000 JavaThread "pool-1-thread-1" [_thread_blocked, id=20144, stack(0x0000000020370000,0x0000000020470000)]
  0x0000000019538800 JavaThread "Build operations Thread 4" [_thread_blocked, id=19060, stack(0x0000000020170000,0x0000000020270000)]
  0x0000000019537000 JavaThread "Build operations Thread 3" [_thread_blocked, id=4328, stack(0x0000000020070000,0x0000000020170000)]
  0x0000000019538000 JavaThread "Build operations Thread 2" [_thread_blocked, id=13832, stack(0x000000001ff70000,0x0000000020070000)]
  0x000000001953a000 JavaThread "Build operations" [_thread_blocked, id=20220, stack(0x000000001e3d0000,0x000000001e4d0000)]
  0x0000000019533000 JavaThread "Cache worker for Artifact transforms cache (C:\Users\Zeynep\.gradle\caches\transforms-1)" [_thread_blocked, id=18408, stack(0x000000001ce60000,0x000000001cf60000)]
  0x000000001b06f800 JavaThread "Cache worker for file hash cache (C:\Users\Zeynep\AndroidStudioProjects\TheFlyingFishGameApp\.gradle\4.6\fileHashes)" [_thread_blocked, id=20248, stack(0x000000001bb90000,0x000000001bc90000)]
  0x0000000019414800 JavaThread "File lock request listener" [_thread_in_native, id=20224, stack(0x000000001ba90000,0x000000001bb90000)]
  0x000000001843e800 JavaThread "Cache worker for file hash cache (C:\Users\Zeynep\.gradle\caches\4.6\fileHashes)" [_thread_blocked, id=20904, stack(0x000000001a9c0000,0x000000001aac0000)]
  0x00000000192d7800 JavaThread "Stdin handler" [_thread_blocked, id=11316, stack(0x000000001a6c0000,0x000000001a7c0000)]
  0x00000000192d6000 JavaThread "Asynchronous log dispatcher for DefaultDaemonConnection: socket connection from /127.0.0.1:64138 to /127.0.0.1:64139" [_thread_blocked, id=2204, stack(0x000000001a5c0000,0x000000001a6c0000)]
  0x00000000191ee000 JavaThread "Daemon worker" [_thread_blocked, id=19952, stack(0x000000001a4c0000,0x000000001a5c0000)]
  0x00000000191ed800 JavaThread "Cancel handler" [_thread_blocked, id=22044, stack(0x000000001a3c0000,0x000000001a4c0000)]
  0x0000000019132000 JavaThread "Handler for socket connection from /127.0.0.1:64138 to /127.0.0.1:64139" [_thread_in_native, id=22108, stack(0x000000001a0c0000,0x000000001a1c0000)]
  0x00000000191a7000 JavaThread "Daemon" [_thread_blocked, id=13636, stack(0x0000000019fc0000,0x000000001a0c0000)]
  0x00000000191a1000 JavaThread "Daemon periodic checks" [_thread_blocked, id=20432, stack(0x0000000019ec0000,0x0000000019fc0000)]
  0x00000000192bb000 JavaThread "Incoming local TCP Connector on port 64138" [_thread_in_native, id=11160, stack(0x0000000019c80000,0x0000000019d80000)]
  0x00000000179a8800 JavaThread "Service Thread" daemon [_thread_blocked, id=21988, stack(0x0000000017d70000,0x0000000017e70000)]
  0x000000001604b000 JavaThread "C1 CompilerThread2" daemon [_thread_blocked, id=19848, stack(0x0000000017870000,0x0000000017970000)]
=>0x000000001603b000 JavaThread "C2 CompilerThread1" daemon [_thread_in_native, id=18916, stack(0x0000000017770000,0x0000000017870000)]
  0x0000000016037000 JavaThread "C2 CompilerThread0" daemon [_thread_in_native, id=20860, stack(0x0000000017670000,0x0000000017770000)]
  0x0000000016035800 JavaThread "Attach Listener" daemon [_thread_blocked, id=16840, stack(0x0000000017570000,0x0000000017670000)]
  0x0000000016034000 JavaThread "Signal Dispatcher" daemon [_thread_blocked, id=17896, stack(0x0000000017470000,0x0000000017570000)]
  0x00000000026b6000 JavaThread "Finalizer" daemon [_thread_blocked, id=22328, stack(0x0000000017280000,0x0000000017380000)]
  0x0000000016019000 JavaThread "Reference Handler" daemon [_thread_blocked, id=6700, stack(0x0000000017180000,0x0000000017280000)]
  0x00000000025c2800 JavaThread "main" [_thread_blocked, id=21184, stack(0x0000000002410000,0x0000000002510000)]

Other Threads:
  0x0000000015ff5800 VMThread [stack: 0x0000000017080000,0x0000000017180000] [id=22052]
  0x00000000179a9000 WatcherThread [stack: 0x0000000017e70000,0x0000000017f70000] [id=21840]

VM state:not at safepoint (normal execution)

VM Mutex/Monitor currently owned by a thread: None

heap address: 0x00000000a0000000, size: 1536 MB, Compressed Oops mode: 32-bit
Narrow klass base: 0x0000000000000000, Narrow klass shift: 3
Compressed class space size: 1073741824 Address: 0x0000000100000000

Heap:
 PSYoungGen      total 300032K, used 159541K [0x00000000e0000000, 0x00000000f4080000, 0x0000000100000000)
  eden space 279040K, 56% used [0x00000000e0000000,0x00000000e9985450,0x00000000f1080000)
  from space 20992K, 11% used [0x00000000f2c00000,0x00000000f2e48010,0x00000000f4080000)
  to   space 24576K, 0% used [0x00000000f1080000,0x00000000f1080000,0x00000000f2880000)
 ParOldGen       total 157696K, used 79635K [0x00000000a0000000, 0x00000000a9a00000, 0x00000000e0000000)
  object space 157696K, 50% used [0x00000000a0000000,0x00000000a4dc4ce0,0x00000000a9a00000)
 Metaspace       used 75348K, capacity 77760K, committed 78040K, reserved 1116160K
  class space    used 9889K, capacity 10403K, committed 10496K, reserved 1048576K

Card table byte_map: [0x0000000011a80000,0x0000000011d90000] byte_map_base: 0x0000000011580000

Marking Bits: (ParMarkBitMap*) 0x0000000051c8f030
 Begin Bits: [0x0000000012390000, 0x0000000013b90000)
 End Bits:   [0x0000000013b90000, 0x0000000015390000)

Polling page: 0x00000000022f0000

CodeCache: size=245760Kb used=37208Kb max_used=38116Kb free=208551Kb
 bounds [0x00000000026c0000, 0x0000000004c30000, 0x00000000116c0000]
 total_blobs=12857 nmethods=11987 adapters=782
 compilation: enabled

Compilation events (10 events):
Event: 52.363 Thread 0x000000001604b000 14583 %     3       java.util.IdentityHashMap$KeySpliterator::forEachRemaining @ 59 (112 bytes)
Event: 52.364 Thread 0x000000001604b000 nmethod 14583% 0x00000000042d1710 code [0x00000000042d1900, 0x00000000042d21b8]
Event: 52.364 Thread 0x000000001604b000 14584       3       java.util.IdentityHashMap$KeySpliterator::forEachRemaining (112 bytes)
Event: 52.365 Thread 0x000000001604b000 nmethod 14584 0x0000000002b8ca50 code [0x0000000002b8cc20, 0x0000000002b8d3d8]
Event: 52.392 Thread 0x000000001604b000 14585       1       com.android.tools.r8.graph.DexValue$DexValueEnum::getValueKind (3 bytes)
Event: 52.393 Thread 0x000000001604b000 nmethod 14585 0x00000000044ed050 code [0x00000000044ed1a0, 0x00000000044ed2b0]
Event: 52.393 Thread 0x000000001604b000 14586       2       com.android.tools.r8.dex.FileWriter$ProgramClassDependencyCollector::visit (1 bytes)
Event: 52.393 Thread 0x000000001604b000 nmethod 14586 0x0000000003d7ddd0 code [0x0000000003d7df20, 0x0000000003d7e070]
Event: 52.399 Thread 0x000000001604b000 14587 %     3       com.android.tools.r8.it.unimi.dsi.fastutil.objects.Object2IntLinkedOpenHashMap::containsKey @ 48 (79 bytes)
Event: 52.400 Thread 0x000000001604b000 nmethod 14587% 0x0000000003fed0d0 code [0x0000000003fed280, 0x0000000003fed988]

GC Heap History (10 events):
Event: 27.769 GC heap before
{Heap before GC invocations=15 (full 3):
 PSYoungGen      total 167936K, used 146944K [0x00000000e0000000, 0x00000000efd00000, 0x0000000100000000)
  eden space 146944K, 100% used [0x00000000e0000000,0x00000000e8f80000,0x00000000e8f80000)
  from space 20992K, 0% used [0x00000000e8f80000,0x00000000e8f80000,0x00000000ea400000)
  to   space 19968K, 0% used [0x00000000ee980000,0x00000000ee980000,0x00000000efd00000)
 ParOldGen       total 157696K, used 34575K [0x00000000a0000000, 0x00000000a9a00000, 0x00000000e0000000)
  object space 157696K, 21% used [0x00000000a0000000,0x00000000a21c3c58,0x00000000a9a00000)
 Metaspace       used 62724K, capacity 64410K, committed 64600K, reserved 1105920K
  class space    used 8399K, capacity 8820K, committed 8832K, reserved 1048576K
Event: 27.805 GC heap after
Heap after GC invocations=15 (full 3):
 PSYoungGen      total 224768K, used 19942K [0x00000000e0000000, 0x00000000efd00000, 0x0000000100000000)
  eden space 204800K, 0% used [0x00000000e0000000,0x00000000e0000000,0x00000000ec800000)
  from space 19968K, 99% used [0x00000000ee980000,0x00000000efcf99a8,0x00000000efd00000)
  to   space 25600K, 0% used [0x00000000ecb00000,0x00000000ecb00000,0x00000000ee400000)
 ParOldGen       total 157696K, used 43079K [0x00000000a0000000, 0x00000000a9a00000, 0x00000000e0000000)
  object space 157696K, 27% used [0x00000000a0000000,0x00000000a2a11d18,0x00000000a9a00000)
 Metaspace       used 62724K, capacity 64410K, committed 64600K, reserved 1105920K
  class space    used 8399K, capacity 8820K, committed 8832K, reserved 1048576K
}
Event: 32.788 GC heap before
{Heap before GC invocations=16 (full 3):
 PSYoungGen      total 224768K, used 224742K [0x00000000e0000000, 0x00000000efd00000, 0x0000000100000000)
  eden space 204800K, 100% used [0x00000000e0000000,0x00000000ec800000,0x00000000ec800000)
  from space 19968K, 99% used [0x00000000ee980000,0x00000000efcf99a8,0x00000000efd00000)
  to   space 25600K, 0% used [0x00000000ecb00000,0x00000000ecb00000,0x00000000ee400000)
 ParOldGen       total 157696K, used 43079K [0x00000000a0000000, 0x00000000a9a00000, 0x00000000e0000000)
  object space 157696K, 27% used [0x00000000a0000000,0x00000000a2a11d18,0x00000000a9a00000)
 Metaspace       used 64363K, capacity 66074K, committed 66392K, reserved 1105920K
  class space    used 8608K, capacity 9012K, committed 9088K, reserved 1048576K
Event: 32.905 GC heap after
Heap after GC invocations=16 (full 3):
 PSYoungGen      total 233472K, used 9218K [0x00000000e0000000, 0x00000000f4480000, 0x0000000100000000)
  eden space 207872K, 0% used [0x00000000e0000000,0x00000000e0000000,0x00000000ecb00000)
  from space 25600K, 36% used [0x00000000ecb00000,0x00000000ed400998,0x00000000ee400000)
  to   space 25088K, 0% used [0x00000000f2c00000,0x00000000f2c00000,0x00000000f4480000)
 ParOldGen       total 157696K, used 58355K [0x00000000a0000000, 0x00000000a9a00000, 0x00000000e0000000)
  object space 157696K, 37% used [0x00000000a0000000,0x00000000a38fcc20,0x00000000a9a00000)
 Metaspace       used 64363K, capacity 66074K, committed 66392K, reserved 1105920K
  class space    used 8608K, capacity 9012K, committed 9088K, reserved 1048576K
}
Event: 40.271 GC heap before
{Heap before GC invocations=17 (full 3):
 PSYoungGen      total 233472K, used 217090K [0x00000000e0000000, 0x00000000f4480000, 0x0000000100000000)
  eden space 207872K, 100% used [0x00000000e0000000,0x00000000ecb00000,0x00000000ecb00000)
  from space 25600K, 36% used [0x00000000ecb00000,0x00000000ed400998,0x00000000ee400000)
  to   space 25088K, 0% used [0x00000000f2c00000,0x00000000f2c00000,0x00000000f4480000)
 ParOldGen       total 157696K, used 58355K [0x00000000a0000000, 0x00000000a9a00000, 0x00000000e0000000)
  object space 157696K, 37% used [0x00000000a0000000,0x00000000a38fcc20,0x00000000a9a00000)
 Metaspace       used 65070K, capacity 66746K, committed 67032K, reserved 1107968K
  class space    used 8706K, capacity 9108K, committed 9216K, reserved 1048576K
Event: 40.303 GC heap after
Heap after GC invocations=17 (full 3):
 PSYoungGen      total 300032K, used 6663K [0x00000000e0000000, 0x00000000f4080000, 0x0000000100000000)
  eden space 279040K, 0% used [0x00000000e0000000,0x00000000e0000000,0x00000000f1080000)
  from space 20992K, 31% used [0x00000000f2c00000,0x00000000f3281ed8,0x00000000f4080000)
  to   space 24576K, 0% used [0x00000000f1080000,0x00000000f1080000,0x00000000f2880000)
 ParOldGen       total 157696K, used 66256K [0x00000000a0000000, 0x00000000a9a00000, 0x00000000e0000000)
  object space 157696K, 42% used [0x00000000a0000000,0x00000000a40b41c0,0x00000000a9a00000)
 Metaspace       used 65070K, capacity 66746K, committed 67032K, reserved 1107968K
  class space    used 8706K, capacity 9108K, committed 9216K, reserved 1048576K
}
Event: 48.011 GC heap before
{Heap before GC invocations=18 (full 3):
 PSYoungGen      total 300032K, used 285703K [0x00000000e0000000, 0x00000000f4080000, 0x0000000100000000)
  eden space 279040K, 100% used [0x00000000e0000000,0x00000000f1080000,0x00000000f1080000)
  from space 20992K, 31% used [0x00000000f2c00000,0x00000000f3281ed8,0x00000000f4080000)
  to   space 24576K, 0% used [0x00000000f1080000,0x00000000f1080000,0x00000000f2880000)
 ParOldGen       total 157696K, used 66256K [0x00000000a0000000, 0x00000000a9a00000, 0x00000000e0000000)
  object space 157696K, 42% used [0x00000000a0000000,0x00000000a40b41c0,0x00000000a9a00000)
 Metaspace       used 73473K, capacity 75576K, committed 75736K, reserved 1114112K
  class space    used 9690K, capacity 10173K, committed 10240K, reserved 1048576K
Event: 48.145 GC heap after
Heap after GC invocations=18 (full 3):
 PSYoungGen      total 303616K, used 18903K [0x00000000e0000000, 0x00000000f4080000, 0x0000000100000000)
  eden space 279040K, 0% used [0x00000000e0000000,0x00000000e0000000,0x00000000f1080000)
  from space 24576K, 76% used [0x00000000f1080000,0x00000000f22f5d58,0x00000000f2880000)
  to   space 20992K, 0% used [0x00000000f2c00000,0x00000000f2c00000,0x00000000f4080000)
 ParOldGen       total 157696K, used 68396K [0x00000000a0000000, 0x00000000a9a00000, 0x00000000e0000000)
  object space 157696K, 43% used [0x00000000a0000000,0x00000000a42cb308,0x00000000a9a00000)
 Metaspace       used 73473K, capacity 75576K, committed 75736K, reserved 1114112K
  class space    used 9690K, capacity 10173K, committed 10240K, reserved 1048576K
}
Event: 50.087 GC heap before
{Heap before GC invocations=19 (full 3):
 PSYoungGen      total 303616K, used 297943K [0x00000000e0000000, 0x00000000f4080000, 0x0000000100000000)
  eden space 279040K, 100% used [0x00000000e0000000,0x00000000f1080000,0x00000000f1080000)
  from space 24576K, 76% used [0x00000000f1080000,0x00000000f22f5d58,0x00000000f2880000)
  to   space 20992K, 0% used [0x00000000f2c00000,0x00000000f2c00000,0x00000000f4080000)
 ParOldGen       total 157696K, used 68396K [0x00000000a0000000, 0x00000000a9a00000, 0x00000000e0000000)
  object space 157696K, 43% used [0x00000000a0000000,0x00000000a42cb308,0x00000000a9a00000)
 Metaspace       used 73582K, capacity 75676K, committed 75992K, reserved 1116160K
  class space    used 9693K, capacity 10177K, committed 10240K, reserved 1048576K
Event: 50.117 GC heap after
Heap after GC invocations=19 (full 3):
 PSYoungGen      total 300032K, used 2336K [0x00000000e0000000, 0x00000000f4080000, 0x0000000100000000)
  eden space 279040K, 0% used [0x00000000e0000000,0x00000000e0000000,0x00000000f1080000)
  from space 20992K, 11% used [0x00000000f2c00000,0x00000000f2e48010,0x00000000f4080000)
  to   space 24576K, 0% used [0x00000000f1080000,0x00000000f1080000,0x00000000f2880000)
 ParOldGen       total 157696K, used 79635K [0x00000000a0000000, 0x00000000a9a00000, 0x00000000e0000000)
  object space 157696K, 50% used [0x00000000a0000000,0x00000000a4dc4ce0,0x00000000a9a00000)
 Metaspace       used 73582K, capacity 75676K, committed 75992K, reserved 1116160K
  class space    used 9693K, capacity 10177K, committed 10240K, reserved 1048576K
}

Deoptimization events (10 events):
Event: 50.855 Thread 0x000000001adfa800 Uncommon trap: reason=class_check action=maybe_recompile pc=0x00000000049f9a18 method=java.lang.Iterable.forEach(Ljava/util/function/Consumer;)V @ 6
Event: 51.093 Thread 0x000000001adfa800 Uncommon trap: reason=unstable_if action=reinterpret pc=0x0000000004a19338 method=java.util.TimSort.countRunAndMakeAscending([Ljava/lang/Object;IILjava/util/Comparator;)I @ 27
Event: 51.175 Thread 0x000000001adfa800 Uncommon trap: reason=array_check action=maybe_recompile pc=0x00000000043dd534 method=java.util.TimSort.binarySort([Ljava/lang/Object;IIILjava/util/Comparator;)V @ 183
Event: 51.527 Thread 0x000000001adfa800 Uncommon trap: reason=class_check action=maybe_recompile pc=0x00000000044c4ab0 method=java.io.FilterOutputStream.write([B)V @ 5
Event: 51.635 Thread 0x000000001ae00800 Uncommon trap: reason=class_check action=maybe_recompile pc=0x000000000491a920 method=java.util.ArrayList.forEach(Ljava/util/function/Consumer;)V @ 47
Event: 51.894 Thread 0x000000001ae00800 Uncommon trap: reason=class_check action=maybe_recompile pc=0x00000000044c4ab0 method=java.io.FilterOutputStream.write([B)V @ 5
Event: 51.950 Thread 0x000000001ae01800 Uncommon trap: reason=bimorphic action=maybe_recompile pc=0x0000000004a3edbc method=com.android.tools.r8.com.google.common.collect.ImmutableList.copyOf(Ljava/util/Collection;)Lcom/android/tools/r8/com/google/common/collect/ImmutableList; @ 35
Event: 51.966 Thread 0x000000001ae01800 Uncommon trap: reason=unstable_if action=reinterpret pc=0x000000000377e454 method=java.nio.Bits.getShort(Ljava/nio/ByteBuffer;IZ)S @ 1
Event: 52.023 Thread 0x000000001adfe800 Uncommon trap: reason=unstable_if action=reinterpret pc=0x0000000003259d6c method=java.util.Arrays.hashCode([Ljava/lang/Object;)I @ 1
Event: 52.322 Thread 0x000000001ae01800 Uncommon trap: reason=class_check action=maybe_recompile pc=0x000000000491a920 method=java.util.ArrayList.forEach(Ljava/util/function/Consumer;)V @ 47

Classes redefined (0 events):
No events

Internal exceptions (10 events):
Event: 43.402 Thread 0x000000001e9dc000 Implicit null exception at 0x0000000003de401e to 0x0000000003de42c1
Event: 43.402 Thread 0x000000001e9dc000 Implicit null exception at 0x0000000003208b41 to 0x000000000320909d
Event: 43.403 Thread 0x000000001e9dc000 Implicit null exception at 0x0000000002eedc38 to 0x0000000002eee171
Event: 43.546 Thread 0x00000000191ee000 Exception <a 'sun/nio/fs/WindowsException'> (0x00000000e39f9398) thrown at [C:\src\AOSP-openjdk-git\hotspot\src\share\vm\prims\jni.cpp, line 710]
Event: 43.576 Thread 0x000000001adfa800 Exception <a 'java/lang/NoSuchMethodError': java.lang.Object.lambda$and$0(Ljava/util/function/Predicate;Ljava/lang/Object;)Z> (0x00000000e3fa3f20) thrown at [C:\src\AOSP-openjdk-git\hotspot\src\share\vm\interpreter\linkResolver.cpp, line 620]
Event: 43.576 Thread 0x000000001ae00800 Exception <a 'java/lang/NoSuchMethodError': java.lang.Object.lambda$and$0(Ljava/util/function/Predicate;Ljava/lang/Object;)Z> (0x00000000e3f40fe0) thrown at [C:\src\AOSP-openjdk-git\hotspot\src\share\vm\interpreter\linkResolver.cpp, line 620]
Event: 43.580 Thread 0x000000001ae00800 Exception <a 'java/lang/NoSuchMethodError': java.lang.Object.lambda$static$0(Ljava/lang/String;)Z> (0x00000000e3f57760) thrown at [C:\src\AOSP-openjdk-git\hotspot\src\share\vm\interpreter\linkResolver.cpp, line 620]
Event: 44.498 Thread 0x000000001adfa800 Implicit null exception at 0x0000000003f2d6c0 to 0x0000000003f2ea61
Event: 51.949 Thread 0x000000001ae01800 Exception <a 'sun/nio/fs/WindowsException'> (0x00000000e82b6b50) thrown at [C:\src\AOSP-openjdk-git\hotspot\src\share\vm\prims\jni.cpp, line 710]
Event: 52.023 Thread 0x000000001adfe800 Implicit null exception at 0x0000000003259c6f to 0x0000000003259d5d

Events (10 events):
Event: 52.359 Thread 0x000000001ae06000 DEOPT PACKING pc=0x0000000004ac3197 sp=0x00000000263feef0
Event: 52.359 Thread 0x000000001ae06000 DEOPT UNPACKING pc=0x00000000027075d0 sp=0x00000000263fec18 mode 0
Event: 52.366 Thread 0x000000001ae06000 DEOPT PACKING pc=0x0000000004ac3197 sp=0x00000000263feef0
Event: 52.366 Thread 0x000000001ae06000 DEOPT UNPACKING pc=0x00000000027075d0 sp=0x00000000263fec18 mode 0
Event: 52.369 Thread 0x000000001ae06000 DEOPT PACKING pc=0x0000000004ac3197 sp=0x00000000263feef0
Event: 52.369 Thread 0x000000001ae06000 DEOPT UNPACKING pc=0x00000000027075d0 sp=0x00000000263fec18 mode 0
Event: 52.377 Thread 0x000000001ae06000 DEOPT PACKING pc=0x0000000004ac3197 sp=0x00000000263feef0
Event: 52.377 Thread 0x000000001ae06000 DEOPT UNPACKING pc=0x00000000027075d0 sp=0x00000000263fec18 mode 0
Event: 52.385 Thread 0x000000001ae06000 DEOPT PACKING pc=0x0000000004ac3197 sp=0x00000000263feef0
Event: 52.385 Thread 0x000000001ae06000 DEOPT UNPACKING pc=0x00000000027075d0 sp=0x00000000263fec18 mode 0


Dynamic libraries:
0x00007ff661250000 - 0x00007ff661281000 	C:\Program Files\Android\Android Studio\jre\bin\java.exe
0x00007ff8b5880000 - 0x00007ff8b5a70000 	C:\WINDOWS\SYSTEM32\ntdll.dll
0x00007ff8b4960000 - 0x00007ff8b4a12000 	C:\WINDOWS\System32\KERNEL32.DLL
0x00007ff8b2850000 - 0x00007ff8b2af5000 	C:\WINDOWS\System32\KERNELBASE.dll
0x00007ff8b3c30000 - 0x00007ff8b3cd3000 	C:\WINDOWS\System32\ADVAPI32.dll
0x00007ff8b3b90000 - 0x00007ff8b3c2e000 	C:\WINDOWS\System32\msvcrt.dll
0x00007ff8b3af0000 - 0x00007ff8b3b87000 	C:\WINDOWS\System32\sechost.dll
0x00007ff8b4350000 - 0x00007ff8b446f000 	C:\WINDOWS\System32\RPCRT4.dll
0x00007ff8b3ce0000 - 0x00007ff8b3e74000 	C:\WINDOWS\System32\USER32.dll
0x00007ff8b27f0000 - 0x00007ff8b2811000 	C:\WINDOWS\System32\win32u.dll
0x00007ff8b39f0000 - 0x00007ff8b3a16000 	C:\WINDOWS\System32\GDI32.dll
0x00007ff8b3560000 - 0x00007ff8b36f8000 	C:\WINDOWS\System32\gdi32full.dll
0x00007ff8b3460000 - 0x00007ff8b34fe000 	C:\WINDOWS\System32\msvcp_win.dll
0x00007ff8b2b00000 - 0x00007ff8b2bfa000 	C:\WINDOWS\System32\ucrtbase.dll
0x00007ff8a30b0000 - 0x00007ff8a3334000 	C:\WINDOWS\WinSxS\amd64_microsoft.windows.common-controls_6595b64144ccf1df_6.0.18362.1556_none_9e7e372fe45e41d5\COMCTL32.dll
0x00007ff8b5240000 - 0x00007ff8b5576000 	C:\WINDOWS\System32\combase.dll
0x00007ff8b2c50000 - 0x00007ff8b2cd1000 	C:\WINDOWS\System32\bcryptPrimitives.dll
0x00007ff8b39c0000 - 0x00007ff8b39ee000 	C:\WINDOWS\System32\IMM32.DLL
0x00000000513e0000 - 0x00000000514b2000 	C:\Program Files\Android\Android Studio\jre\jre\bin\msvcr100.dll
0x00000000514c0000 - 0x0000000051d0b000 	C:\Program Files\Android\Android Studio\jre\jre\bin\server\jvm.dll
0x00007ff8b56f0000 - 0x00007ff8b56f8000 	C:\WINDOWS\System32\PSAPI.DLL
0x00007ff89fe90000 - 0x00007ff89fe99000 	C:\WINDOWS\SYSTEM32\WSOCK32.dll
0x00007ff8b40c0000 - 0x00007ff8b412f000 	C:\WINDOWS\System32\WS2_32.dll
0x00007ff8aec60000 - 0x00007ff8aec84000 	C:\WINDOWS\SYSTEM32\WINMM.dll
0x00007ff8b0ca0000 - 0x00007ff8b0caa000 	C:\WINDOWS\SYSTEM32\VERSION.dll
0x00007ff8aec30000 - 0x00007ff8aec5d000 	C:\WINDOWS\SYSTEM32\WINMMBASE.dll
0x00007ff8b2c00000 - 0x00007ff8b2c4a000 	C:\WINDOWS\System32\cfgmgr32.dll
0x00007ff8ae910000 - 0x00007ff8ae91f000 	C:\Program Files\Android\Android Studio\jre\jre\bin\verify.dll
0x00007ff8ae8e0000 - 0x00007ff8ae909000 	C:\Program Files\Android\Android Studio\jre\jre\bin\java.dll
0x00007ff8ae8c0000 - 0x00007ff8ae8d6000 	C:\Program Files\Android\Android Studio\jre\jre\bin\zip.dll
0x00007ff8b4a40000 - 0x00007ff8b5127000 	C:\WINDOWS\System32\SHELL32.dll
0x00007ff8b3e80000 - 0x00007ff8b3f28000 	C:\WINDOWS\System32\shcore.dll
0x00007ff8b2ce0000 - 0x00007ff8b345b000 	C:\WINDOWS\System32\windows.storage.dll
0x00007ff8b27d0000 - 0x00007ff8b27ee000 	C:\WINDOWS\System32\profapi.dll
0x00007ff8b2780000 - 0x00007ff8b27ca000 	C:\WINDOWS\System32\powrprof.dll
0x00007ff8b2730000 - 0x00007ff8b2740000 	C:\WINDOWS\System32\UMPDC.dll
0x00007ff8b4000000 - 0x00007ff8b4052000 	C:\WINDOWS\System32\shlwapi.dll
0x00007ff8b2760000 - 0x00007ff8b2771000 	C:\WINDOWS\System32\kernel.appcore.dll
0x00007ff8b3700000 - 0x00007ff8b3717000 	C:\WINDOWS\System32\cryptsp.dll
0x00007ff8ae8a0000 - 0x00007ff8ae8ba000 	C:\Program Files\Android\Android Studio\jre\jre\bin\net.dll
0x00007ff8b1f70000 - 0x00007ff8b1fd7000 	C:\WINDOWS\system32\mswsock.dll
0x00007ff8ae880000 - 0x00007ff8ae893000 	C:\Program Files\Android\Android Studio\jre\jre\bin\nio.dll
0x00007ff8864c0000 - 0x00007ff8864de000 	C:\Users\Zeynep\.gradle\native\25\windows-amd64\native-platform.dll
0x00007ff8ae840000 - 0x00007ff8ae84d000 	C:\Program Files\Android\Android Studio\jre\jre\bin\management.dll
0x00007ff8b1af0000 - 0x00007ff8b1b23000 	C:\WINDOWS\system32\rsaenh.dll
0x00007ff8b2820000 - 0x00007ff8b2846000 	C:\WINDOWS\System32\bcrypt.dll
0x00007ff8b2650000 - 0x00007ff8b2675000 	C:\WINDOWS\SYSTEM32\USERENV.dll
0x00007ff8b2140000 - 0x00007ff8b214c000 	C:\WINDOWS\SYSTEM32\CRYPTBASE.dll
0x00007ff8b1c80000 - 0x00007ff8b1cba000 	C:\WINDOWS\SYSTEM32\IPHLPAPI.DLL
0x00007ff8b39b0000 - 0x00007ff8b39b8000 	C:\WINDOWS\System32\NSI.dll
0x00007ff8a77e0000 - 0x00007ff8a77f6000 	C:\WINDOWS\SYSTEM32\dhcpcsvc6.DLL
0x00007ff8a9d40000 - 0x00007ff8a9d5c000 	C:\WINDOWS\SYSTEM32\dhcpcsvc.DLL
0x00007ff8b1cc0000 - 0x00007ff8b1d8b000 	C:\WINDOWS\SYSTEM32\DNSAPI.dll
0x00007ff8865c0000 - 0x00007ff8865e4000 	C:\Program Files\Android\Android Studio\jre\jre\bin\sunec.dll
0x0000000052770000 - 0x00000000527a5000 	C:\Program Files\Bonjour\mdnsNSP.dll
0x00007ff8ab610000 - 0x00007ff8ab61a000 	C:\Windows\System32\rasadhlp.dll
0x00007ff8a50f0000 - 0x00007ff8a5167000 	C:\WINDOWS\System32\fwpuclnt.dll
0x00007ff8ae810000 - 0x00007ff8ae81b000 	C:\Program Files\Android\Android Studio\jre\jre\bin\sunmscapi.dll
0x00007ff8b37d0000 - 0x00007ff8b3921000 	C:\WINDOWS\System32\CRYPT32.dll
0x00007ff8b2740000 - 0x00007ff8b2752000 	C:\WINDOWS\System32\MSASN1.dll
0x00007ff8b0240000 - 0x00007ff8b02cf000 	C:\WINDOWS\system32\apphelp.dll

VM Arguments:
jvm_args: -Xmx1536m -Dfile.encoding=windows-1254 -Duser.country=TR -Duser.language=tr -Duser.variant 
java_command: org.gradle.launcher.daemon.bootstrap.GradleDaemon 4.6
java_class_path (initial): C:\Users\Zeynep\.gradle\wrapper\dists\gradle-4.6-all\bcst21l2brirad8k2ben1letg\gradle-4.6\lib\gradle-launcher-4.6.jar
Launcher Type: SUN_STANDARD

Environment Variables:
JAVA_HOME=C:\Program Files\Java\jdk-12.0.2
PATH=C:\Program Files (x86)\Common Files\Oracle\Java\javapath;C:\WINDOWS\system32;C:\WINDOWS;C:\WINDOWS\System32\Wbem;C:\WINDOWS\System32\WindowsPowerShell\v1.0\;C:\WINDOWS\System32\OpenSSH\;C:\Program Files\Intel\WiFi\bin\;C:\Program Files\Common Files\Intel\WirelessCommon\;C:\Program Files\MATLAB\R2016a\runtime\win64;C:\Program Files\MATLAB\R2016a\bin;C:\Program Files\MATLAB\R2016a\polyspace\bin;C:\Program Files\nodejs\;C:\xampp\php;C:\ProgramData\ComposerSetup\bin;C:\wamp64\bin\php\php5.6.40;C:\Program Files\Microsoft SQL Server\Client SDK\ODBC\170\Tools\Binn\;C:\Program Files (x86)\Microsoft SQL Server\150\Tools\Binn\;C:\Program Files\Microsoft SQL Server\150\Tools\Binn\;C:\Program Files\Microsoft SQL Server\150\DTS\Binn\;C:\Program Files (x86)\Microsoft SQL Server\150\DTS\Binn\;C:\Program Files\Azure Data Studio\bin;C:\Program Files\apache-maven-3.8.6\bin;C:\Program Files\apache-maven-3.8.6;C:\Program Files\apache-maven-3.8.6;C:\Program Files\Git\cmd;C:\Users\Zeynep\AppData\Local\Programs\Python\Python310\Scripts\;C:\Users\Zeynep\AppData\Local\Programs\Python\Python310\;C:\Users\Zeynep\AppData\Local\Microsoft\WindowsApps;C:\Users\Zeynep\AppData\Local\Microsoft\WindowsApps;C:\Users\Zeynep\AppData\Roaming\npm;C:\Users\Zeynep\AppData\Local\Android\Sdk\platform-tools;C:\Users\Zeynep\AppData\Roaming\Composer\vendor\bin;C:\wamp64\www\PhpStorm 2020.2.3\bin;C:\Program Files\JetBrains\IntelliJ IDEA 2021.3.3\bin;;C:\Program Files\JetBrains\IntelliJ IDEA Community Edition 2021.3.3\bin;;C:\Program Files\Azure Data Studio\bin
USERNAME=Zeynep
OS=Windows_NT
PROCESSOR_IDENTIFIER=Intel64 Family 6 Model 142 Stepping 9, GenuineIntel



---------------  S Y S T E M  ---------------

OS: Windows 10.0 , 64 bit Build 18362 (10.0.18362.1500)

CPU:total 4 (initial active 4) (2 cores per cpu, 2 threads per core) family 6 model 142 stepping 9, cmov, cx8, fxsr, mmx, sse, sse2, sse3, ssse3, sse4.1, sse4.2, popcnt, avx, avx2, aes, clmul, erms, 3dnowpref, lzcnt, ht, tsc, tscinvbit, bmi1, bmi2, adx

Memory: 4k page, physical 12466956k(1757944k free), swap 17591236k(4104k free)

vm_info: OpenJDK 64-Bit Server VM (25.242-b01) for windows-amd64 JRE (1.8.0_242-release-1644-b01), built by "builder" with MS VC++ 10.0 (VS2010)

time: Sat Aug 13 22:55:12 2022
timezone: Türkiye Standart Saati
elapsed time: 52 seconds (0d 0h 0m 52s)

